<?xml version="1.0" encoding="UTF-8"?>
<!-- Generated by org.testng.reporters.JUnitXMLReporter -->
<testsuite hostname="DESKTOP-06QDCBA" ignored="0" name="CRMPRO feature Testing" tests="2" failures="2" timestamp="23 Nov 2023 13:28:46 GMT" time="58.499" errors="0">
  <testcase name="gettitletforLoginPage" time="14.762" classname="com.mytest.LoginPageTest">
    <failure type="java.lang.AssertionError" message="expected [Free CRM software for customer relationship management, sales, and support.] but found [CRMPRO]">
      <![CDATA[java.lang.AssertionError: expected [Free CRM software for customer relationship management, sales, and support.] but found [CRMPRO]
at com.mytest.LoginPageTest.gettitletforLoginPage(LoginPageTest.java:18)
... Removed 31 stack frames]]>
    </failure>
  </testcase> <!-- gettitletforLoginPage -->
  <testcase name="gettitletforLoginPage" time="0.026" classname="com.mytest.HomePagetest">
    <failure type="java.lang.AssertionError" message="expected [CRMPRO] but found [Free CRM software for customer relationship management, sales, and support.]">
      <![CDATA[java.lang.AssertionError: expected [CRMPRO] but found [Free CRM software for customer relationship management, sales, and support.]
at com.mytest.HomePagetest.gettitletforLoginPage(HomePagetest.java:14)
... Removed 31 stack frames]]>
    </failure>
  </testcase> <!-- gettitletforLoginPage -->
</testsuite> <!-- CRMPRO feature Testing -->
